2023-04-17 18:32:16.622  INFO 2103727 --- [restartedMain] c.b.d.m.MsavaliadorcreditoApplication    : Starting MsavaliadorcreditoApplication using Java 17.0.6 on douglas-souza with PID 2103727 (/home/douglas/micro-services-Java/msavaliadorcredito/target/classes started by douglas in /home/douglas/micro-services-Java/msavaliadorcredito)
2023-04-17 18:32:16.624  INFO 2103727 --- [restartedMain] c.b.d.m.MsavaliadorcreditoApplication    : No active profile set, falling back to 1 default profile: "default"
2023-04-17 18:32:16.795  INFO 2103727 --- [restartedMain] .e.DevToolsPropertyDefaultsPostProcessor : Devtools property defaults active! Set 'spring.devtools.add-properties' to 'false' to disable
2023-04-17 18:32:16.795  INFO 2103727 --- [restartedMain] .e.DevToolsPropertyDefaultsPostProcessor : For additional web related logging consider setting the 'logging.level.web' property to 'DEBUG'
2023-04-17 18:32:18.527  INFO 2103727 --- [restartedMain] o.s.cloud.context.scope.GenericScope     : BeanFactory id=1765f48e-9dd0-34e9-b985-143e4e85212c
2023-04-17 18:32:19.196  INFO 2103727 --- [restartedMain] o.s.b.w.embedded.tomcat.TomcatWebServer  : Tomcat initialized with port(s): 0 (http)
2023-04-17 18:32:19.215  INFO 2103727 --- [restartedMain] o.apache.catalina.core.StandardService   : Starting service [Tomcat]
2023-04-17 18:32:19.216  INFO 2103727 --- [restartedMain] org.apache.catalina.core.StandardEngine  : Starting Servlet engine: [Apache Tomcat/9.0.71]
2023-04-17 18:32:19.290  INFO 2103727 --- [restartedMain] o.a.c.c.C.[Tomcat].[localhost].[/]       : Initializing Spring embedded WebApplicationContext
2023-04-17 18:32:19.290  INFO 2103727 --- [restartedMain] w.s.c.ServletWebServerApplicationContext : Root WebApplicationContext: initialization completed in 2494 ms
2023-04-17 18:32:19.992  WARN 2103727 --- [restartedMain] o.s.b.d.a.OptionalLiveReloadServer       : Unable to start LiveReload server
2023-04-17 18:32:20.056  INFO 2103727 --- [restartedMain] o.s.c.openfeign.FeignClientFactoryBean   : For 'msclientes' URL not provided. Will try picking an instance via load-balancing.
2023-04-17 18:32:20.138  INFO 2103727 --- [restartedMain] o.s.c.openfeign.FeignClientFactoryBean   : For 'mscartoes' URL not provided. Will try picking an instance via load-balancing.
2023-04-17 18:32:21.918  INFO 2103727 --- [restartedMain] DiscoveryClientOptionalArgsConfiguration : Eureka HTTP Client uses RestTemplate.
2023-04-17 18:32:21.987  WARN 2103727 --- [restartedMain] iguration$LoadBalancerCaffeineWarnLogger : Spring Cloud LoadBalancer is currently working with the default cache. While this cache implementation is useful for development and tests, it's recommended to use Caffeine cache in production.You can switch to using Caffeine cache, by adding it and org.springframework.cache.caffeine.CaffeineCacheManager to the classpath.
2023-04-17 18:32:21.999  INFO 2103727 --- [restartedMain] o.s.b.a.e.web.EndpointLinksResolver      : Exposing 17 endpoint(s) beneath base path '/actuator'
2023-04-17 18:32:22.049  INFO 2103727 --- [restartedMain] o.s.b.w.embedded.tomcat.TomcatWebServer  : Tomcat started on port(s): 35969 (http) with context path ''
2023-04-17 18:32:22.050  INFO 2103727 --- [restartedMain] .s.c.n.e.s.EurekaAutoServiceRegistration : Updating port to 35969
2023-04-17 18:32:22.055  INFO 2103727 --- [restartedMain] o.s.c.n.eureka.InstanceInfoFactory       : Setting initial instance status as: STARTING
2023-04-17 18:32:22.144  INFO 2103727 --- [restartedMain] com.netflix.discovery.DiscoveryClient    : Initializing Eureka in region us-east-1
2023-04-17 18:32:22.153  INFO 2103727 --- [restartedMain] c.n.d.s.r.aws.ConfigClusterResolver      : Resolving eureka endpoints via configuration
2023-04-17 18:32:22.183  INFO 2103727 --- [restartedMain] com.netflix.discovery.DiscoveryClient    : Disable delta property : false
2023-04-17 18:32:22.183  INFO 2103727 --- [restartedMain] com.netflix.discovery.DiscoveryClient    : Single vip registry refresh property : null
2023-04-17 18:32:22.183  INFO 2103727 --- [restartedMain] com.netflix.discovery.DiscoveryClient    : Force full registry fetch : false
2023-04-17 18:32:22.183  INFO 2103727 --- [restartedMain] com.netflix.discovery.DiscoveryClient    : Application is null : false
2023-04-17 18:32:22.184  INFO 2103727 --- [restartedMain] com.netflix.discovery.DiscoveryClient    : Registered Applications size is zero : true
2023-04-17 18:32:22.184  INFO 2103727 --- [restartedMain] com.netflix.discovery.DiscoveryClient    : Application version is -1: true
2023-04-17 18:32:22.184  INFO 2103727 --- [restartedMain] com.netflix.discovery.DiscoveryClient    : Getting all instance registry info from the eureka server
2023-04-17 18:32:22.607  INFO 2103727 --- [restartedMain] com.netflix.discovery.DiscoveryClient    : The response status is 200
2023-04-17 18:32:22.610  INFO 2103727 --- [restartedMain] com.netflix.discovery.DiscoveryClient    : Starting heartbeat executor: renew interval is: 30
2023-04-17 18:32:22.614  INFO 2103727 --- [restartedMain] c.n.discovery.InstanceInfoReplicator     : InstanceInfoReplicator onDemand update allowed rate per min is 4
2023-04-17 18:32:22.619  INFO 2103727 --- [restartedMain] com.netflix.discovery.DiscoveryClient    : Discovery Client initialized at timestamp 1681767142618 with initial instances count: 3
2023-04-17 18:32:22.621  INFO 2103727 --- [restartedMain] o.s.c.n.e.s.EurekaServiceRegistry        : Registering application MSSAVALIADORCREDITO with eureka with status UP
2023-04-17 18:32:22.621  INFO 2103727 --- [restartedMain] com.netflix.discovery.DiscoveryClient    : Saw local status change event StatusChangeEvent [timestamp=1681767142621, current=UP, previous=STARTING]
2023-04-17 18:32:22.623  INFO 2103727 --- [DiscoveryClient-InstanceInfoReplicator-0] com.netflix.discovery.DiscoveryClient    : DiscoveryClient_MSSAVALIADORCREDITO/mssavaliadorcredito:14d1fea2133c66827fe200cf5825b6ee: registering service...
2023-04-17 18:32:22.744  INFO 2103727 --- [DiscoveryClient-InstanceInfoReplicator-0] com.netflix.discovery.DiscoveryClient    : DiscoveryClient_MSSAVALIADORCREDITO/mssavaliadorcredito:14d1fea2133c66827fe200cf5825b6ee - registration status: 204
2023-04-17 18:32:22.814  INFO 2103727 --- [restartedMain] c.b.d.m.MsavaliadorcreditoApplication    : Started MsavaliadorcreditoApplication in 7.387 seconds (JVM running for 8.657)
2023-04-17 18:34:40.949  INFO 2103727 --- [http-nio-auto-1-exec-2] o.a.c.c.C.[Tomcat].[localhost].[/]       : Initializing Spring DispatcherServlet 'dispatcherServlet'
2023-04-17 18:34:40.949  INFO 2103727 --- [http-nio-auto-1-exec-2] o.s.web.servlet.DispatcherServlet        : Initializing Servlet 'dispatcherServlet'
2023-04-17 18:34:40.951  INFO 2103727 --- [http-nio-auto-1-exec-2] o.s.web.servlet.DispatcherServlet        : Completed initialization in 2 ms
2023-04-17 18:36:08.207  INFO 2103727 --- [http-nio-auto-1-exec-3] o.springdoc.api.AbstractOpenApiResource  : Init duration for springdoc-openapi is: 192 ms
2023-04-17 18:37:22.188  INFO 2103727 --- [AsyncResolver-bootstrap-executor-0] c.n.d.s.r.aws.ConfigClusterResolver      : Resolving eureka endpoints via configuration
2023-04-17 18:37:53.583  INFO 2103727 --- [SpringApplicationShutdownHook] o.s.c.n.e.s.EurekaServiceRegistry        : Unregistering application MSSAVALIADORCREDITO with eureka with status DOWN
2023-04-17 18:37:53.584  INFO 2103727 --- [SpringApplicationShutdownHook] com.netflix.discovery.DiscoveryClient    : Saw local status change event StatusChangeEvent [timestamp=1681767473584, current=DOWN, previous=UP]
2023-04-17 18:37:53.584  INFO 2103727 --- [DiscoveryClient-InstanceInfoReplicator-0] com.netflix.discovery.DiscoveryClient    : DiscoveryClient_MSSAVALIADORCREDITO/mssavaliadorcredito:14d1fea2133c66827fe200cf5825b6ee: registering service...
2023-04-17 18:37:53.590  INFO 2103727 --- [DiscoveryClient-InstanceInfoReplicator-0] com.netflix.discovery.DiscoveryClient    : DiscoveryClient_MSSAVALIADORCREDITO/mssavaliadorcredito:14d1fea2133c66827fe200cf5825b6ee - registration status: 204
2023-04-17 18:37:53.621  INFO 2103727 --- [SpringApplicationShutdownHook] com.netflix.discovery.DiscoveryClient    : Shutting down DiscoveryClient ...
2023-04-17 18:37:56.628  INFO 2103727 --- [SpringApplicationShutdownHook] com.netflix.discovery.DiscoveryClient    : Unregistering ...
2023-04-17 18:37:56.644  INFO 2103727 --- [SpringApplicationShutdownHook] com.netflix.discovery.DiscoveryClient    : DiscoveryClient_MSSAVALIADORCREDITO/mssavaliadorcredito:14d1fea2133c66827fe200cf5825b6ee - deregister  status: 200
2023-04-17 18:37:56.656  INFO 2103727 --- [SpringApplicationShutdownHook] com.netflix.discovery.DiscoveryClient    : Completed shut down of DiscoveryClient
